Build started 3/11/2016 16:24:38.
     1>Project "C:\Users\sa951\Documents\Visual Studio 2013\Projects\ImageRetrieval\ImageRetrieval\ImageRetrieval.vcxproj" on node 2 (Build target(s)).
     1>CustomBuild:
         Moc'ing imageretrieval.h...
       ClCompile:
         C:\Program Files (x86)\Microsoft Visual Studio 12.0\VC\bin\x86_amd64\CL.exe /c /I.\GeneratedFiles /I. /IC:\Qt\5.7\msvc2013_64\include /I.\GeneratedFiles\Debug /IC:\Qt\5.7\msvc2013_64\include\QtCore /IC:\Qt\5.7\msvc2013_64\include\QtGui /IC:\Qt\5.7\msvc2013_64\include\QtWidgets /I"C:\Program Files\opencv\build\x64\vc12\bin" /IC:\Qt\5.7\msvc2013_64\include /Zi /nologo /W1 /WX- /Od /D UNICODE /D WIN32 /D WIN64 /D QT_DLL /D QT_CORE_LIB /D QT_GUI_LIB /D QT_WIDGETS_LIB /Gm- /EHsc /MDd /GS /fp:precise /Zc:wchar_t /Zc:forScope /Fo"x64\Debug\\" /Fd"x64\Debug\vc120.pdb" /Gd /TP /errorReport:prompt GeneratedFiles\Debug\moc_imageretrieval.cpp imageretrieval.cpp main.cpp
         moc_imageretrieval.cpp
         imageretrieval.cpp
         main.cpp
         Generating Code...
       Link:
         C:\Program Files (x86)\Microsoft Visual Studio 12.0\VC\bin\x86_amd64\link.exe /ERRORREPORT:PROMPT /OUT:"C:\Users\sa951\Documents\Visual Studio 2013\Projects\ImageRetrieval\x64\Debug\\ImageRetrieval.exe" /NOLOGO /LIBPATH:C:\Qt\5.7\msvc2013_64\lib opencv_calib3d2413d.lib opencv_contrib2413d.lib opencv_core2413d.lib opencv_features2d2413d.lib opencv_flann2413d.lib opencv_highgui2413d.lib opencv_gpu2413d.lib opencv_imgproc2413d.lib opencv_legacy2413d.lib opencv_ml2413d.lib opencv_nonfree2413d.lib opencv_objdetect2413d.lib opencv_photo2413d.lib opencv_stitching2413d.lib opencv_superres2413d.lib opencv_video2413d.lib opencv_videostab2413d.lib opencv_ts2413d.lib opencv_imgproc2413.lib opencv_legacy2413.lib opencv_ml2413.lib opencv_nonfree2413.lib opencv_objdetect2413.lib opencv_photo2413.lib opencv_stitching2413.lib opencv_superres2413.lib opencv_video2413.lib opencv_videostab2413.lib opencv_ts2413.lib qtmaind.lib Qt5Cored.lib Qt5Guid.lib Qt5Widgetsd.lib kernel32.lib user32.lib gdi32.lib winspool.lib comdlg32.lib advapi32.lib shell32.lib ole32.lib oleaut32.lib uuid.lib odbc32.lib odbccp32.lib /MANIFEST /MANIFESTUAC:"level='asInvoker' uiAccess='false'" /manifest:embed /DEBUG /PDB:"C:\Users\sa951\Documents\Visual Studio 2013\Projects\ImageRetrieval\x64\Debug\ImageRetrieval.pdb" /SUBSYSTEM:WINDOWS /TLBID:1 /DYNAMICBASE /NXCOMPAT /IMPLIB:"C:\Users\sa951\Documents\Visual Studio 2013\Projects\ImageRetrieval\x64\Debug\ImageRetrieval.lib" /MACHINE:X64 x64\Debug\core_main.obj
         x64\Debug\feature_compare.obj
         x64\Debug\feature_extract.obj
         x64\Debug\feature_loader.obj
         x64\Debug\feature_preprocess.obj
         x64\Debug\moc_imageretrieval.obj
         x64\Debug\qrc_imageretrieval.obj
         x64\Debug\hsv_compare.obj
         x64\Debug\imageretrieval.obj
         x64\Debug\main.obj
         x64\Debug\ml.obj
         x64\Debug\ScoreReport.obj
         x64\Debug\surf_compare.obj
         x64\Debug\svm_compare.obj
         ImageRetrieval.vcxproj -> C:\Users\sa951\Documents\Visual Studio 2013\Projects\ImageRetrieval\x64\Debug\ImageRetrieval.exe
     1>Done Building Project "C:\Users\sa951\Documents\Visual Studio 2013\Projects\ImageRetrieval\ImageRetrieval\ImageRetrieval.vcxproj" (Build target(s)).

Build succeeded.

Time Elapsed 00:00:15.55
